<?xml version="1.0" encoding="UTF-8"?>
<!-- Generated by org.testng.reporters.JUnitXMLReporter -->
<testsuite hostname="TUANNGUYEN-PC" ignored="0" name="Test" tests="1" failures="1" timestamp="18 Jul 2018 18:05:01 GMT" time="36.066" errors="0">
  <testcase name="feature" time="35.46" classname="cucumber.api.testng.AbstractTestNGCucumberTests">
    <failure type="cucumber.runtime.CucumberException" message="java.lang.NullPointerException">
      <![CDATA[cucumber.runtime.CucumberException: java.lang.NullPointerException
at cucumber.api.testng.TestNGCucumberRunner.runCucumber(TestNGCucumberRunner.java:69)
at cucumber.api.testng.AbstractTestNGCucumberTests.feature(AbstractTestNGCucumberTests.java:21)
Caused by: java.lang.NullPointerException
at com.stepdef.PremierStepDef.users_highlight_the_club_Chelsea(PremierStepDef.java:82)
at ✽.When Users highlight the club Chelsea(src/main/resources/PremierLeague.feature:14)
... Removed 25 stack frames]]>
    </failure>
  </testcase> <!-- feature -->
</testsuite> <!-- Test -->
